*********************************************************************
* LD Score Regression (LDSC)
* Version 1.0.1
* (C) 2014-2019 Brendan Bulik-Sullivan and Hilary Finucane
* Broad Institute of MIT and Harvard / MIT Department of Mathematics
* GNU General Public License v3
*********************************************************************
Call: 
./ldsc.py \
--ref-ld-chr data/eur_w_ld_chr/ \
--out output/dermatitis_asthma \
--rg output/UKB_20002_1452_self_reported_eczema_or_dermatitis.sumstats.gz,output/UKB_20002_1111_self_reported_asthma.sumstats.gz \
--w-ld-chr data/eur_w_ld_chr/ 

Beginning analysis at Sat Mar 14 20:21:04 2020
Reading summary statistics from output/UKB_20002_1452_self_reported_eczema_or_dermatitis.sumstats.gz ...
Read summary statistics for 1176425 SNPs.
Reading reference panel LD Score from data/eur_w_ld_chr/[1-22] ...
Read reference panel LD Scores for 1290028 SNPs.
Removing partitioned LD Scores with zero variance.
Reading regression weight LD Score from data/eur_w_ld_chr/[1-22] ...
Read regression weight LD Scores for 1290028 SNPs.
After merging with reference panel LD, 1168320 SNPs remain.
After merging with regression SNP LD, 1168320 SNPs remain.
Computing rg for phenotype 2/2
Reading summary statistics from output/UKB_20002_1111_self_reported_asthma.sumstats.gz ...
Read summary statistics for 1217311 SNPs.
After merging with summary statistics, 1168320 SNPs remain.
1168320 SNPs with valid alleles.

Heritability of phenotype 1
---------------------------
Total Observed scale h2: 0.0088 (0.0021)
Lambda GC: 1.0496
Mean Chi^2: 1.0688
Intercept: 1.0105 (0.0068)
Ratio: 0.1526 (0.0981)

Heritability of phenotype 2/2
-----------------------------
Total Observed scale h2: 0.0571 (0.0058)
Lambda GC: 1.2464
Mean Chi^2: 1.4097
Intercept: 1.026 (0.0145)
Ratio: 0.0635 (0.0353)

Genetic Covariance
------------------
Total Observed scale gencov: 0.0097 (0.0019)
Mean z1*z2: 0.166
Intercept: 0.102 (0.0064)

Genetic Correlation
-------------------
Genetic Correlation: 0.4314 (0.0729)
Z-score: 5.9195
P: 3.2295e-09


Summary of Genetic Correlation Results
                                                                   p1                                                      p2      rg      se       z           p  h2_obs  h2_obs_se  h2_int  h2_int_se  gcov_int  gcov_int_se
 output/UKB_20002_1452_self_reported_eczema_or_dermatitis.sumstats.gz  output/UKB_20002_1111_self_reported_asthma.sumstats.gz  0.4314  0.0729  5.9195  3.2295e-09  0.0571     0.0058   1.026     0.0145     0.102       0.0064

Analysis finished at Sat Mar 14 20:21:18 2020
Total time elapsed: 13.69s
