*********************************************************************
* LD Score Regression (LDSC)
* Version 1.0.1
* (C) 2014-2019 Brendan Bulik-Sullivan and Hilary Finucane
* Broad Institute of MIT and Harvard / MIT Department of Mathematics
* GNU General Public License v3
*********************************************************************
Call: 
./ldsc.py \
--h2 output/UKB_20002_1261_self_reported_multiple_sclerosis.sumstats.gz \
--ref-ld-chr data/eur_w_ld_chr/ \
--out output/UKB_20002_1261_self_reported_multiple_sclerosis \
--w-ld-chr data/eur_w_ld_chr/ 

Beginning analysis at Sat Mar 14 13:45:03 2020
Reading summary statistics from output/UKB_20002_1261_self_reported_multiple_sclerosis.sumstats.gz ...
Read summary statistics for 1176425 SNPs.
Reading reference panel LD Score from data/eur_w_ld_chr/[1-22] ...
Read reference panel LD Scores for 1290028 SNPs.
Removing partitioned LD Scores with zero variance.
Reading regression weight LD Score from data/eur_w_ld_chr/[1-22] ...
Read regression weight LD Scores for 1290028 SNPs.
After merging with reference panel LD, 1168320 SNPs remain.
After merging with regression SNP LD, 1168320 SNPs remain.
Using two-step estimator with cutoff at 30.
Total Observed scale h2: 0.0033 (0.0012)
Lambda GC: 1.0315
Mean Chi^2: 1.03
Intercept: 1.0085 (0.0063)
Ratio: 0.2842 (0.2088)
Analysis finished at Sat Mar 14 13:45:12 2020
Total time elapsed: 8.99s
