*********************************************************************
* LD Score Regression (LDSC)
* Version 1.0.1
* (C) 2014-2019 Brendan Bulik-Sullivan and Hilary Finucane
* Broad Institute of MIT and Harvard / MIT Department of Mathematics
* GNU General Public License v3
*********************************************************************
Call: 
./ldsc.py \
--h2 output/UKB_20002_1452_self_reported_eczema_or_dermatitis.sumstats.gz \
--ref-ld-chr data/eur_w_ld_chr/ \
--out output/UKB_20002_1452_self_reported_eczema_or_dermatitis \
--w-ld-chr data/eur_w_ld_chr/ 

Beginning analysis at Sat Mar 14 20:08:18 2020
Reading summary statistics from output/UKB_20002_1452_self_reported_eczema_or_dermatitis.sumstats.gz ...
Read summary statistics for 1176425 SNPs.
Reading reference panel LD Score from data/eur_w_ld_chr/[1-22] ...
Read reference panel LD Scores for 1290028 SNPs.
Removing partitioned LD Scores with zero variance.
Reading regression weight LD Score from data/eur_w_ld_chr/[1-22] ...
Read regression weight LD Scores for 1290028 SNPs.
After merging with reference panel LD, 1168320 SNPs remain.
After merging with regression SNP LD, 1168320 SNPs remain.
Using two-step estimator with cutoff at 30.
Total Observed scale h2: 0.0088 (0.0022)
Lambda GC: 1.0496
Mean Chi^2: 1.0688
Intercept: 1.0102 (0.0067)
Ratio: 0.1486 (0.0977)
Analysis finished at Sat Mar 14 20:08:27 2020
Total time elapsed: 9.16s
